app/proguard-rules.pro
# Add project specific ProGuard rules here.
# You can control the set of applied configuration files using the
# proguardFiles setting in build.gradle.
#
# For more details, see
#   http://developer.android.com/guide/developing/tools/proguard.html

# If your project uses WebView with JS, uncomment the following
# and specify the fully qualified class name to the JavaScript interface
# class:
#-keepclassmembers class fqcn.of.javascript.interface.for.webview {
#   public *;
#}

# Uncomment this to preserve the line number information for
# debugging stack traces.
#-keepattributes SourceFile,LineNumberTable

# If you keep the line number information, uncomment this to
# hide the original source file name.
#-renamesourcefileattribute SourceFile

# Add project specific ProGuard rules here.
# By default, the flags in this file are appended to flags specified
# in C:\Users\chendx\AppData\Local\Android\Sdk/tools/proguard/proguard-android.txt
# You can edit the include path and order by changing the proguardFiles
# directive in build.gradle.
#
# For more details, see
#   http://developer.android.com/guide/developing/tools/proguard.html

# Add any project specific keep options here:

# If your project uses WebView with JS, uncomment the following
# and specify the fully qualified class name to the JavaScript interface
# class:
-keepclassmembers class fqcn.of.javascript.interface.for.webview {
   public *;
}
-keep public class android.net.http.SslError
-keep public class android.webkit.WebViewClient

-dontwarn android.webkit.WebView
-dontwarn android.net.http.SslError
-dontwarn android.webkit.WebViewClient

# Uncomment this to preserve the line number information for
# debugging stack traces.
-keepattributes SourceFile,LineNumberTable

# If you keep the line number information, uncomment this to
# hide the original source file name.
-renamesourcefileattribute SourceFile

-keepattributes Exceptions, Signature, InnerClasses

# Keep - Library. Keep all public and protected classes, fields, and methods.
-keep public class * {
    public protected <fields>;
    public protected <methods>;
}

# Also keep - Enumerations. Keep the special static methods that are required in
# enumeration classes.
-keepclassmembers enum  * {
    public static **[] values();
    public static ** valueOf(java.lang.String);
}

# Keep names - Native method names. Keep all native class/method names.
-keepclasseswithmembers,allowshrinking class * {
    native <methods>;
}

# 不做预校验
-dontpreverify

### 忽略警告
-ignorewarning

#如果引用了v4或者v7包
-dontwarn android.support.**

-keepattributes EnclosingMethod

 #如果有其它包有warning，在报出warning的包加入下面类似的-dontwarn 报名
-dontwarn com.fengmap.*.**

## 注解支持
-keepclassmembers class *{
   void *(android.view.View);
}

#保护注解
-keepattributes *Annotation*
-dontwarn org.apache.http.**


#基线包使用，生成mapping.txt
#-printmapping mapping.txt
#生成的mapping.txt在app/build/outputs/mapping/release路径下，移动到/app路径下
#修复后的项目使用，保证混淆结果一致
-applymapping mapping.txt
#hotfix
-keep class com.taobao.sophix.**{*;}
-keep class com.ta.utdid2.device.**{*;}
-dontwarn com.alibaba.sdk.android.utils.**
#防止inline
-dontoptimize
 -keepclassmembers class com.example.liudachuia.sophixdemo.MyApplication {
  public <init>();
}
# 如果不使用android.support.annotation.Keep则需加上此行
 -keep class com.example.liudachuia.sophixdemo.SophixStubApplication$RealApplicationStub