app/mapping.txt
com.example.liudachuia.sophixdemo.BuildConfig -> com.example.liudachuia.sophixdemo.BuildConfig:
    boolean DEBUG -> DEBUG
    java.lang.String APPLICATION_ID -> APPLICATION_ID
    java.lang.String BUILD_TYPE -> BUILD_TYPE
    java.lang.String FLAVOR -> FLAVOR
    int VERSION_CODE -> VERSION_CODE
    java.lang.String VERSION_NAME -> VERSION_NAME
    6:6:void <init>() -> <init>
com.example.liudachuia.sophixdemo.MainActivity -> com.example.liudachuia.sophixdemo.MainActivity:
    14:14:void <init>() -> <init>
    19:32:void onCreate(android.os.Bundle) -> onCreate
    40:45:void requestExternalStoragePermission() -> b
    49:57:void onRequestPermissionsResult(int,java.lang.String[],int[]) -> onRequestPermissionsResult
com.example.liudachuia.sophixdemo.MainActivity$1 -> com.example.liudachuia.sophixdemo.MainActivity$1:
    com.example.liudachuia.sophixdemo.MainActivity this$0 -> a
    26:26:void <init>(com.example.liudachuia.sophixdemo.MainActivity) -> <init>
    30:30:void onClick(android.view.View) -> onClick
com.example.liudachuia.sophixdemo.MyApplication -> com.example.liudachuia.sophixdemo.MyApplication:
    11:11:void <init>() -> <init>
    15:17:void onCreate() -> onCreate
com.example.liudachuia.sophixdemo.R -> com.example.liudachuia.sophixdemo.R:
    10:10:void <init>() -> <init>
com.example.liudachuia.sophixdemo.R$anim -> com.example.liudachuia.sophixdemo.R$anim:
    int abc_fade_in -> abc_fade_in
    int abc_fade_out -> abc_fade_out
    int abc_grow_fade_in_from_bottom -> abc_grow_fade_in_from_bottom
    int abc_popup_enter -> abc_popup_enter
    int abc_popup_exit -> abc_popup_exit
    int abc_shrink_fade_out_from_bottom -> abc_shrink_fade_out_from_bottom
    int abc_slide_in_bottom -> abc_slide_in_bottom
    int abc_slide_in_top -> abc_slide_in_top
    int abc_slide_out_bottom -> abc_slide_out_bottom
    int abc_slide_out_top -> abc_slide_out_top
    int tooltip_enter -> tooltip_enter
    int tooltip_exit -> tooltip_exit
    11:11:void <init>() -> <init>
com.example.liudachuia.sophixdemo.R$attr -> com.example.liudachuia.sophixdemo.R$attr:
    int actionBarDivider -> actionBarDivider
    int actionBarItemBackground -> actionBarItemBackground
    int actionBarPopupTheme -> actionBarPopupTheme
    int actionBarSize -> actionBarSize
    int actionBarSplitStyle -> actionBarSplitStyle
    int actionBarStyle -> actionBarStyle
    int actionBarTabBarStyle -> actionBarTabBarStyle
    int actionBarTabStyle -> actionBarTabStyle
    int actionBarTabTextStyle -> actionBarTabTextStyle
    int actionBarTheme -> actionBarTheme
    int actionBarWidgetTheme -> actionBarWidgetTheme
    int actionButtonStyle -> actionButtonStyle
    int actionDropDownStyle -> actionDropDownStyle
    int actionLayout -> actionLayout
    int actionMenuTextAppearance -> actionMenuTextAppearance
    int actionMenuTextColor -> actionMenuTextColor
    int actionModeBackground -> actionModeBackground
    int actionModeCloseButtonStyle -> actionModeCloseButtonStyle
    int actionModeCloseDrawable -> actionModeCloseDrawable
    int actionModeCopyDrawable -> actionModeCopyDrawable
    int actionModeCutDrawable -> actionModeCutDrawable
    int actionModeFindDrawable -> actionModeFindDrawable
    int actionModePasteDrawable -> actionModePasteDrawable
    int actionModePopupWindowStyle -> actionModePopupWindowStyle
    int actionModeSelectAllDrawable -> actionModeSelectAllDrawable
    int actionModeShareDrawable -> actionModeShareDrawable
com.example.liudachuia.sophixdemo.R$bool -> com.example.liudachuia.sophixdemo.R$bool:
    int abc_action_bar_embed_tabs -> abc_action_bar_embed_tabs
    int abc_allow_stacked_button_bar -> abc_allow_stacked_button_bar
    int abc_config_actionMenuItemAllCaps -> abc_config_actionMenuItemAllCaps
    int abc_config_closeDialogWhenTouchOutside -> abc_config_closeDialogWhenTouchOutside
    int abc_config_showMenuShortcutsWhenKeyboardPresent -> abc_config_showMenuShortcutsWhenKeyboardPresent
    2509:2509:void <init>() -> <init>
...
android.support.v4.media.MediaBrowserServiceCompat$MediaBrowserServiceImplApi24$1 -> android.support.v4.media.MediaBrowserServiceCompat$e$1:
    android.support.v4.media.MediaBrowserServiceCompatApi24$ResultWrapper val$resultWrapper -> a
    android.support.v4.media.MediaBrowserServiceCompat$MediaBrowserServiceImplApi24 this$1 -> b
    438:438:void <init>(android.support.v4.media.MediaBrowserServiceCompat$MediaBrowserServiceImplApi24,java.lang.Object,android.support.v4.media.MediaBrowserServiceCompatApi24$ResultWrapper) -> <init>
    441:451:void onResultSent(java.util.List) -> a
    455:456:void detach() -> detach
    438:438:void onResultSent(java.lang.Object) -> a
android.support.v4.media.MediaBrowserServiceCompat$MediaBrowserServiceImplBase -> android.support.v4.media.MediaBrowserServiceCompat$f:
    android.os.Messenger mMessenger -> b
    android.support.v4.media.MediaBrowserServiceCompat this$0 -> a
    172:172:void <init>(android.support.v4.media.MediaBrowserServiceCompat) -> <init>
    177:178:void onCreate() -> a
    182:185:android.os.IBinder onBind(android.content.Intent) -> a
    190:206:void setSessionToken(android.support.v4.media.session.MediaSessionCompat$Token) -> a
    210:228:void notifyChildrenChanged(java.lang.String,android.os.Bundle) -> a
    232:236:android.os.Bundle getBrowserRootHints() -> b
android.support.v4.media.MediaBrowserServiceCompat$MediaBrowserServiceImplBase$1 -> android.support.v4.media.MediaBrowserServiceCompat$f$1:
    android.support.v4.media.session.MediaSessionCompat$Token val$token -> a
    android.support.v4.media.MediaBrowserServiceCompat$MediaBrowserServiceImplBase this$1 -> b
    190:190:void <init>(android.support.v4.media.MediaBrowserServiceCompat$MediaBrowserServiceImplBase,android.support.v4.media.session.MediaSessionCompat$Token) -> <init>
    193:204:void run() -> run
android.support.v4.media.MediaBrowserServiceCompat$MediaBrowserServiceImplBase$2 -> android.support.v4.media.MediaBrowserServiceCompat$f$2:
    java.lang.String val$parentId -> a
    android.os.Bundle val$options -> b
    android.support.v4.media.MediaBrowserServiceCompat$MediaBrowserServiceImplBase this$1 -> c
    210:210:void <init>(android.support.v4.media.MediaBrowserServiceCompat$MediaBrowserServiceImplBase,java.lang.String,android.os.Bundle) -> <init>
    213:226:void run() -> run
android.support.v4.media.MediaBrowserServiceCompat$Result -> android.support.v4.media.MediaBrowserServiceCompat$Result:
    java.lang.Object mDebug -> a
    boolean mDetachCalled -> b
    boolean mSendResultCalled -> c
    boolean mSendProgressUpdateCalled -> d
    boolean mSendErrorCalled -> e
    int mFlags -> f
    593:595:void <init>(java.lang.Object) -> <init>
    601:607:void sendResult(java.lang.Object) -> sendResult
    616:623:void sendProgressUpdate(android.os.Bundle) -> sendProgressUpdate
    632:638:void sendError(android.os.Bundle) -> sendError
    645:658:void detach() -> detach
    661:661:boolean isDone() -> a
    665:666:void setFlags(int) -> a
    669:669:int getFlags() -> b
    677:677:void onResultSent(java.lang.Object) -> a
    683:683:void onProgressUpdateSent(android.os.Bundle) -> b
    692:692:void onErrorSent(android.os.Bundle) -> c
    697:707:void checkExtraFields(android.os.Bundle) -> a